<?xml version="1.0" encoding="UTF-8"?>
<testng-results skipped="0" failed="0" ignored="0" total="1" passed="1">
  <reporter-output>
  </reporter-output>
  <suite name="Default suite" duration-ms="25014" started-at="2018-04-28T14:39:16Z" finished-at="2018-04-28T14:39:41Z">
    <groups>
    </groups>
    <test name="Default test" duration-ms="25014" started-at="2018-04-28T14:39:16Z" finished-at="2018-04-28T14:39:41Z">
      <class name="com.test.main.Login">
        <test-method status="PASS" signature="SetUp()[pri:0, instance:com.test.main.Login@1ce4f0a]" name="SetUp" duration-ms="24938" started-at="2018-04-28T14:39:16Z" finished-at="2018-04-28T14:39:41Z">
          <reporter-output>
          </reporter-output>
        </test-method> <!-- SetUp -->
      </class> <!-- com.test.main.Login -->
    </test> <!-- Default test -->
  </suite> <!-- Default suite -->
</testng-results>
